04-Mar-2023 10:53:46.527 INFO [main] org.apache.catalina.core.ApplicationContext.log ContextListener: contextInitialized()
04-Mar-2023 10:53:46.527 INFO [main] org.apache.catalina.core.ApplicationContext.log SessionListener: contextInitialized()
04-Mar-2023 10:53:46.529 INFO [main] org.apache.catalina.core.ApplicationContext.log ContextListener: attributeAdded('StockTicker', 'async.Stockticker@2c22a348')
04-Mar-2023 10:56:37.724 INFO [Catalina-utility-2] org.apache.catalina.core.ApplicationContext.log SessionListener: contextDestroyed()
04-Mar-2023 10:56:37.725 INFO [Catalina-utility-2] org.apache.catalina.core.ApplicationContext.log ContextListener: contextDestroyed()
04-Mar-2023 11:35:30.572 INFO [main] org.apache.catalina.core.ApplicationContext.log ContextListener: contextInitialized()
04-Mar-2023 11:35:30.572 INFO [main] org.apache.catalina.core.ApplicationContext.log SessionListener: contextInitialized()
04-Mar-2023 11:35:30.574 INFO [main] org.apache.catalina.core.ApplicationContext.log ContextListener: attributeAdded('StockTicker', 'async.Stockticker@4ced35ed')
04-Mar-2023 11:37:10.680 INFO [Catalina-utility-2] org.apache.catalina.core.ApplicationContext.log SessionListener: contextDestroyed()
04-Mar-2023 11:37:10.680 INFO [Catalina-utility-2] org.apache.catalina.core.ApplicationContext.log ContextListener: contextDestroyed()
04-Mar-2023 11:37:10.826 INFO [Catalina-utility-2] org.apache.catalina.core.ApplicationContext.log ContextListener: contextInitialized()
04-Mar-2023 11:37:10.826 INFO [Catalina-utility-2] org.apache.catalina.core.ApplicationContext.log SessionListener: contextInitialized()
04-Mar-2023 11:37:10.827 INFO [Catalina-utility-2] org.apache.catalina.core.ApplicationContext.log ContextListener: attributeAdded('StockTicker', 'async.Stockticker@470c628a')
04-Mar-2023 11:37:11.993 INFO [main] org.apache.catalina.core.ApplicationContext.log SessionListener: contextDestroyed()
04-Mar-2023 11:37:11.994 INFO [main] org.apache.catalina.core.ApplicationContext.log ContextListener: contextDestroyed()
04-Mar-2023 11:37:18.507 INFO [main] org.apache.catalina.core.ApplicationContext.log ContextListener: contextInitialized()
04-Mar-2023 11:37:18.507 INFO [main] org.apache.catalina.core.ApplicationContext.log SessionListener: contextInitialized()
04-Mar-2023 11:37:18.509 INFO [main] org.apache.catalina.core.ApplicationContext.log ContextListener: attributeAdded('StockTicker', 'async.Stockticker@1e392345')
04-Mar-2023 11:38:07.309 INFO [main] org.apache.catalina.core.ApplicationContext.log SessionListener: contextDestroyed()
04-Mar-2023 11:38:07.309 INFO [main] org.apache.catalina.core.ApplicationContext.log ContextListener: contextDestroyed()
04-Mar-2023 11:43:45.792 INFO [main] org.apache.catalina.core.ApplicationContext.log ContextListener: contextInitialized()
04-Mar-2023 11:43:45.792 INFO [main] org.apache.catalina.core.ApplicationContext.log SessionListener: contextInitialized()
04-Mar-2023 11:43:45.794 INFO [main] org.apache.catalina.core.ApplicationContext.log ContextListener: attributeAdded('StockTicker', 'async.Stockticker@1dfd5f51')
04-Mar-2023 11:44:20.095 INFO [Thread-3] org.apache.catalina.core.ApplicationContext.log SessionListener: contextDestroyed()
04-Mar-2023 11:44:20.095 INFO [Thread-3] org.apache.catalina.core.ApplicationContext.log ContextListener: contextDestroyed()
